<?xml version="1.0" encoding="UTF-8"?>
<testsuites name="IE_HOMEPAGE_TestSuite" time="92" tests="4" failures="0" errors="0">
   <testsuite name="IE_HOMEPAGE_TestSuite" tests="4" failures="0" errors="0" time="92" timestamp="2019-04-03 11:00:13" hostname="vn50b7u - DW5AXDEVOS175.corp.dom" id="Test Suites/SmokeTestSuite/IE_HOMEPAGE_TestSuite">
      <properties>
         <property name="deviceName" value=""/>
         <property name="devicePlatform" value=""/>
         <property name="logFolder" value="C:\\Users\\vn50b7u\\Katalon Studio\\Demo\\Reports\\SmokeTestSuite\\IE_HOMEPAGE_TestSuite\\20190403_110006"/>
         <property name="logFiles" value="C:\\Users\\vn50b7u\\Katalon Studio\\Demo\\Reports\\SmokeTestSuite\\IE_HOMEPAGE_TestSuite\\20190403_110006\\execution0.log"/>
         <property name="attachments" value=""/>
         <property name="hostName" value="vn50b7u - DW5AXDEVOS175.corp.dom"/>
         <property name="os" value="Windows 10 64bit"/>
         <property name="katalonVersion" value="6.1.0.1"/>
         <property name="browser" value="Chrome 72.0.3626.121"/>
         <property name="hostAddress" value="10.96.245.244"/>
         <property name="sessionId" value="ee147561149fdcc59c46e41e3af3933b"/>
         <property name="seleniumVersion" value="3.7.1"/>
         <property name="proxyInformation" value="ProxyInformation{proxyOption=NO_PROXY, proxyServerType=HTTP, password=, proxyServerAddress=, proxyServerPort=0}"/>
         <property name="platform" value="Windows 10"/>
      </properties>
      <testcase name="Test Cases/IEHomePageTestCase/TC006_VerifyDetailsOfShowMoreDetailLink" classname="Test Cases/IEHomePageTestCase/TC006_VerifyDetailsOfShowMoreDetailLink" status="PASSED">
         <system-out><![CDATA[2019-04-03 11:00:14 - [TEST_CASE][PASSED] - Test Cases/IEHomePageTestCase/TC006_VerifyDetailsOfShowMoreDetailLink: Test Cases/IEHomePageTestCase/TC006_VerifyDetailsOfShowMoreDetailLink

2019-04-03 11:00:14 - [TEST_STEP][PASSED] - Start listener action : sampleBeforeTestCase: null

2019-04-03 11:00:14 - [TEST_STEP][PASSED] - println(testCaseContext.getTestCaseId()): null

2019-04-03 11:00:14 - [TEST_STEP][PASSED] - println(testCaseContext.getTestCaseVariables()): null

2019-04-03 11:00:15 - [TEST_STEP][PASSED] - callTestCase(findTestCase("IEHomePageTestCase/TC005_NavigateTO_IE_HOME - Copy"), [:], STOP_ON_FAILURE): Call Test Case 'Test Cases/IEHomePageTestCase/TC005_NavigateTO_IE_HOME - Copy' successfully

2019-04-03 11:00:15 - [TEST_CASE][PASSED] - Test Cases/IEHomePageTestCase/TC005_NavigateTO_IE_HOME - Copy: Test Cases/IEHomePageTestCase/TC005_NavigateTO_IE_HOME - Copy

2019-04-03 11:00:16 - [TEST_STEP][PASSED] - callTestCase(findTestCase("CommonTestCase/TC001_OpenBrowserForStore"), [:], STOP_ON_FAILURE): Call Test Case 'Test Cases/CommonTestCase/TC001_OpenBrowserForStore' successfully

2019-04-03 11:00:16 - [TEST_CASE][PASSED] - Test Cases/CommonTestCase/TC001_OpenBrowserForStore: Test Cases/CommonTestCase/TC001_OpenBrowserForStore

2019-04-03 11:00:16 - [TEST_STEP][PASSED] - getAllDetails_IE_HomePage.CommonTestcaseToOpenBrowser.lunchApplication(): getAllDetails_IE_HomePage.CommonTestcaseToOpenBrowser.lunchApplication is PASSED

2019-04-03 11:00:17 - [MESSAGE][INFO] - Starting 'Chrome' driver

2019-04-03 11:00:17 - [MESSAGE][INFO] - Action delay is set to 0 seconds

2019-04-03 11:00:24 - [MESSAGE][PASSED] - Browser is opened with url: ''

2019-04-03 11:00:27 - [MESSAGE][PASSED] - Navigate to 'http://hazr0240ada942.cloud.wal-mart.com' successfully

2019-04-03 11:00:28 - [MESSAGE][PASSED] - Current window maximized

2019-04-03 11:00:28 - [MESSAGE][PASSED] - Wait for page load successfully

2019-04-03 11:00:28 - [MESSAGE][PASSED] - Object 'Object Repository/IE_Home_Page/Logo' is visible

2019-04-03 11:00:28 - [MESSAGE][PASSED] - getAllDetails_IE_HomePage.CommonTestcaseToOpenBrowser.lunchApplication is PASSED

2019-04-03 11:00:28 - [MESSAGE][PASSED] - Call Test Case 'Test Cases/CommonTestCase/TC001_OpenBrowserForStore' successfully

2019-04-03 11:00:28 - [TEST_STEP][PASSED] - waitForElementPresent(findTestObject("IE_Home_Page/HOT_Operation"), Timeout): Object 'Object Repository/IE_Home_Page/HOT_Operation' is present

2019-04-03 11:00:28 - [MESSAGE][PASSED] - Object 'Object Repository/IE_Home_Page/HOT_Operation' is present

2019-04-03 11:00:28 - [TEST_STEP][PASSED] - click(findTestObject("IE_Home_Page/HOT_Operation")): Object: 'Object Repository/IE_Home_Page/HOT_Operation' is clicked on

2019-04-03 11:00:30 - [MESSAGE][PASSED] - Object: 'Object Repository/IE_Home_Page/HOT_Operation' is clicked on

2019-04-03 11:00:30 - [TEST_STEP][PASSED] - waitForElementPresent(findTestObject("IE_Home_Page/TaskList"), Timeout): Object 'Object Repository/IE_Home_Page/TaskList' is present

2019-04-03 11:00:31 - [MESSAGE][PASSED] - Object 'Object Repository/IE_Home_Page/TaskList' is present

2019-04-03 11:00:31 - [TEST_STEP][PASSED] - click(findTestObject("IE_Home_Page/TaskList")): Object: 'Object Repository/IE_Home_Page/TaskList' is clicked on

2019-04-03 11:00:32 - [MESSAGE][PASSED] - Object: 'Object Repository/IE_Home_Page/TaskList' is clicked on

2019-04-03 11:00:32 - [TEST_STEP][PASSED] - scrollToElement(findTestObject("IE_Home_Page/CaseID"), 5): Scroll to object 'Object Repository/IE_Home_Page/CaseID' successfully

2019-04-03 11:00:34 - [MESSAGE][PASSED] - Scroll to object 'Object Repository/IE_Home_Page/CaseID' successfully

2019-04-03 11:00:34 - [TEST_STEP][PASSED] - caseID = getText(findTestObject("IE_Home_Page/CaseID")): Text of object 'Object Repository/IE_Home_Page/CaseID' is: '1634'

2019-04-03 11:00:34 - [MESSAGE][PASSED] - Text of object 'Object Repository/IE_Home_Page/CaseID' is: '1634'

2019-04-03 11:00:34 - [TEST_STEP][PASSED] - getAllDetails_IE_HomePage.PrintStatement.getTextofElement(caseID): getAllDetails_IE_HomePage.PrintStatement.getTextofElement is PASSED

2019-04-03 11:00:34 - [MESSAGE][PASSED] - getAllDetails_IE_HomePage.PrintStatement.getTextofElement is PASSED

2019-04-03 11:00:34 - [TEST_STEP][PASSED] - waitForElementPresent(findTestObject("IE_Home_Page/Open"), Timeout): Object 'Object Repository/IE_Home_Page/Open' is present

2019-04-03 11:00:34 - [MESSAGE][PASSED] - Object 'Object Repository/IE_Home_Page/Open' is present

2019-04-03 11:00:34 - [TEST_STEP][PASSED] - click(findTestObject("IE_Home_Page/Open")): Object: 'Object Repository/IE_Home_Page/Open' is clicked on

2019-04-03 11:00:35 - [MESSAGE][PASSED] - Object: 'Object Repository/IE_Home_Page/Open' is clicked on

2019-04-03 11:00:35 - [TEST_STEP][PASSED] - switchToWindowIndex(1): Switched to window with index: '1'

2019-04-03 11:00:35 - [MESSAGE][PASSED] - Switched to window with index: '1'

2019-04-03 11:00:35 - [TEST_STEP][PASSED] - verifyElementPresent(findTestObject("IE_Home_Page/IE_HomePage_Text"), Timeout): Object 'Object Repository/IE_Home_Page/IE_HomePage_Text' is present

2019-04-03 11:00:36 - [MESSAGE][PASSED] - Object 'Object Repository/IE_Home_Page/IE_HomePage_Text' is present

2019-04-03 11:00:36 - [TEST_STEP][PASSED] - textOFWalmart = getText(findTestObject("IE_Home_Page/IE_HomePage_Text")): Text of object 'Object Repository/IE_Home_Page/IE_HomePage_Text' is: 'WALMART'

2019-04-03 11:00:37 - [MESSAGE][PASSED] - Text of object 'Object Repository/IE_Home_Page/IE_HomePage_Text' is: 'WALMART'

2019-04-03 11:00:37 - [TEST_STEP][PASSED] - getAllDetails_IE_HomePage.PrintStatement.getTextofElement(textOFWalmart): getAllDetails_IE_HomePage.PrintStatement.getTextofElement is PASSED

2019-04-03 11:00:37 - [MESSAGE][PASSED] - getAllDetails_IE_HomePage.PrintStatement.getTextofElement is PASSED

2019-04-03 11:00:37 - [MESSAGE][PASSED] - Call Test Case 'Test Cases/IEHomePageTestCase/TC005_NavigateTO_IE_HOME - Copy' successfully

2019-04-03 11:00:37 - [TEST_STEP][PASSED] - waitForElementPresent(findTestObject("IE_Home_ShowMoreDetail_Page/ShowMoreDetails"), Timeout): Object 'Object Repository/IE_Home_ShowMoreDetail_Page/ShowMoreDetails' is present

2019-04-03 11:00:37 - [MESSAGE][PASSED] - Object 'Object Repository/IE_Home_ShowMoreDetail_Page/ShowMoreDetails' is present

2019-04-03 11:00:37 - [TEST_STEP][PASSED] - click(findTestObject("IE_Home_ShowMoreDetail_Page/ShowMoreDetails")): Object: 'Object Repository/IE_Home_ShowMoreDetail_Page/ShowMoreDetails' is clicked on

2019-04-03 11:00:37 - [MESSAGE][PASSED] - Object: 'Object Repository/IE_Home_ShowMoreDetail_Page/ShowMoreDetails' is clicked on

2019-04-03 11:00:37 - [TEST_STEP][PASSED] - getAllDetails_IE_HomePage.IE_Homepage_Detail.getDetails(): getAllDetails_IE_HomePage.IE_Homepage_Detail.getDetails is PASSED

2019-04-03 11:00:37 - [MESSAGE][PASSED] - getAllDetails_IE_HomePage.IE_Homepage_Detail.getDetails is PASSED

2019-04-03 11:00:37 - [TEST_STEP][PASSED] - delay(2): Delayed 2 second(s)

2019-04-03 11:00:39 - [MESSAGE][PASSED] - Delayed 2 second(s)

2019-04-03 11:00:39 - [TEST_STEP][PASSED] - scrollToElement(findTestObject("IE_Home_ShowMoreDetail_Page/ShowLessDetail"), Timeout): Scroll to object 'Object Repository/IE_Home_ShowMoreDetail_Page/ShowLessDetail' successfully

2019-04-03 11:00:40 - [MESSAGE][PASSED] - Scroll to object 'Object Repository/IE_Home_ShowMoreDetail_Page/ShowLessDetail' successfully

2019-04-03 11:00:40 - [TEST_STEP][PASSED] - TextOfShowLessDetail = getText(findTestObject("IE_Home_ShowMoreDetail_Page/ShowLessDetail")): Text of object 'Object Repository/IE_Home_ShowMoreDetail_Page/ShowLessDetail' is: 'Show Less Details'

2019-04-03 11:00:40 - [MESSAGE][PASSED] - Text of object 'Object Repository/IE_Home_ShowMoreDetail_Page/ShowLessDetail' is: 'Show Less Details'

2019-04-03 11:00:40 - [TEST_STEP][PASSED] - getAllDetails_IE_HomePage.PrintStatement.getTextofElement(TextOfShowLessDetail): getAllDetails_IE_HomePage.PrintStatement.getTextofElement is PASSED

2019-04-03 11:00:40 - [MESSAGE][PASSED] - getAllDetails_IE_HomePage.PrintStatement.getTextofElement is PASSED

2019-04-03 11:00:40 - [TEST_STEP][PASSED] - click(findTestObject("IE_Home_ShowMoreDetail_Page/ShowLessDetail")): Object: 'Object Repository/IE_Home_ShowMoreDetail_Page/ShowLessDetail' is clicked on

2019-04-03 11:00:40 - [MESSAGE][PASSED] - Object: 'Object Repository/IE_Home_ShowMoreDetail_Page/ShowLessDetail' is clicked on

2019-04-03 11:00:40 - [TEST_STEP][PASSED] - waitForElementPresent(findTestObject("IE_Home_ShowMoreDetail_Page/ShowMoreDetails"), Timeout): Object 'Object Repository/IE_Home_ShowMoreDetail_Page/ShowMoreDetails' is present

2019-04-03 11:00:40 - [MESSAGE][PASSED] - Object 'Object Repository/IE_Home_ShowMoreDetail_Page/ShowMoreDetails' is present

2019-04-03 11:00:40 - [TEST_STEP][PASSED] - TextOfShowMoreDetail = getText(findTestObject("IE_Home_ShowMoreDetail_Page/ShowMoreDetails")): Text of object 'Object Repository/IE_Home_ShowMoreDetail_Page/ShowMoreDetails' is: 'Show More Details'

2019-04-03 11:00:40 - [MESSAGE][PASSED] - Text of object 'Object Repository/IE_Home_ShowMoreDetail_Page/ShowMoreDetails' is: 'Show More Details'

2019-04-03 11:00:40 - [TEST_STEP][PASSED] - getAllDetails_IE_HomePage.PrintStatement.getTextofElement(TextOfShowMoreDetail): getAllDetails_IE_HomePage.PrintStatement.getTextofElement is PASSED

2019-04-03 11:00:40 - [MESSAGE][PASSED] - getAllDetails_IE_HomePage.PrintStatement.getTextofElement is PASSED

2019-04-03 11:00:40 - [TEST_STEP][PASSED] - Start listener action : sampleAfterTestCase: null

2019-04-03 11:00:40 - [TEST_STEP][PASSED] - println(testCaseContext.getTestCaseId()): null

2019-04-03 11:00:40 - [TEST_STEP][PASSED] - println(testCaseContext.getTestCaseStatus()): null]]></system-out>
         <system-err><![CDATA[]]></system-err>
      </testcase>
      <testcase name="Test Cases/IEHomePageTestCase/TC008_GetDetailsofHistoryDetails" classname="Test Cases/IEHomePageTestCase/TC008_GetDetailsofHistoryDetails" status="PASSED">
         <system-out><![CDATA[2019-04-03 11:00:40 - [TEST_CASE][PASSED] - Test Cases/IEHomePageTestCase/TC008_GetDetailsofHistoryDetails: Test Cases/IEHomePageTestCase/TC008_GetDetailsofHistoryDetails

2019-04-03 11:00:40 - [TEST_STEP][PASSED] - Start listener action : sampleBeforeTestCase: null

2019-04-03 11:00:40 - [TEST_STEP][PASSED] - println(testCaseContext.getTestCaseId()): null

2019-04-03 11:00:40 - [TEST_STEP][PASSED] - println(testCaseContext.getTestCaseVariables()): null

2019-04-03 11:00:41 - [TEST_STEP][PASSED] - callTestCase(findTestCase("IEHomePageTestCase/TC005_NavigateTO_IE_HOME - Copy"), [:], STOP_ON_FAILURE): Call Test Case 'Test Cases/IEHomePageTestCase/TC005_NavigateTO_IE_HOME - Copy' successfully

2019-04-03 11:00:41 - [TEST_CASE][PASSED] - Test Cases/IEHomePageTestCase/TC005_NavigateTO_IE_HOME - Copy: Test Cases/IEHomePageTestCase/TC005_NavigateTO_IE_HOME - Copy

2019-04-03 11:00:41 - [TEST_STEP][PASSED] - callTestCase(findTestCase("CommonTestCase/TC001_OpenBrowserForStore"), [:], STOP_ON_FAILURE): Call Test Case 'Test Cases/CommonTestCase/TC001_OpenBrowserForStore' successfully

2019-04-03 11:00:41 - [TEST_CASE][PASSED] - Test Cases/CommonTestCase/TC001_OpenBrowserForStore: Test Cases/CommonTestCase/TC001_OpenBrowserForStore

2019-04-03 11:00:41 - [TEST_STEP][PASSED] - getAllDetails_IE_HomePage.CommonTestcaseToOpenBrowser.lunchApplication(): getAllDetails_IE_HomePage.CommonTestcaseToOpenBrowser.lunchApplication is PASSED

2019-04-03 11:00:41 - [MESSAGE][WARNING] - A browser is already opened. Closing browser and opening a new one

2019-04-03 11:00:43 - [MESSAGE][INFO] - Starting 'Chrome' driver

2019-04-03 11:00:47 - [MESSAGE][PASSED] - Browser is opened with url: ''

2019-04-03 11:00:50 - [MESSAGE][PASSED] - Navigate to 'http://hazr0240ada942.cloud.wal-mart.com' successfully

2019-04-03 11:00:50 - [MESSAGE][PASSED] - Current window maximized

2019-04-03 11:00:50 - [MESSAGE][PASSED] - Wait for page load successfully

2019-04-03 11:00:51 - [MESSAGE][PASSED] - Object 'Object Repository/IE_Home_Page/Logo' is visible

2019-04-03 11:00:51 - [MESSAGE][PASSED] - getAllDetails_IE_HomePage.CommonTestcaseToOpenBrowser.lunchApplication is PASSED

2019-04-03 11:00:51 - [MESSAGE][PASSED] - Call Test Case 'Test Cases/CommonTestCase/TC001_OpenBrowserForStore' successfully

2019-04-03 11:00:51 - [TEST_STEP][PASSED] - waitForElementPresent(findTestObject("IE_Home_Page/HOT_Operation"), Timeout): Object 'Object Repository/IE_Home_Page/HOT_Operation' is present

2019-04-03 11:00:51 - [MESSAGE][PASSED] - Object 'Object Repository/IE_Home_Page/HOT_Operation' is present

2019-04-03 11:00:51 - [TEST_STEP][PASSED] - click(findTestObject("IE_Home_Page/HOT_Operation")): Object: 'Object Repository/IE_Home_Page/HOT_Operation' is clicked on

2019-04-03 11:00:52 - [MESSAGE][PASSED] - Object: 'Object Repository/IE_Home_Page/HOT_Operation' is clicked on

2019-04-03 11:00:52 - [TEST_STEP][PASSED] - waitForElementPresent(findTestObject("IE_Home_Page/TaskList"), Timeout): Object 'Object Repository/IE_Home_Page/TaskList' is present

2019-04-03 11:00:52 - [MESSAGE][PASSED] - Object 'Object Repository/IE_Home_Page/TaskList' is present

2019-04-03 11:00:52 - [TEST_STEP][PASSED] - click(findTestObject("IE_Home_Page/TaskList")): Object: 'Object Repository/IE_Home_Page/TaskList' is clicked on

2019-04-03 11:00:53 - [MESSAGE][PASSED] - Object: 'Object Repository/IE_Home_Page/TaskList' is clicked on

2019-04-03 11:00:53 - [TEST_STEP][PASSED] - scrollToElement(findTestObject("IE_Home_Page/CaseID"), 5): Scroll to object 'Object Repository/IE_Home_Page/CaseID' successfully

2019-04-03 11:00:55 - [MESSAGE][PASSED] - Scroll to object 'Object Repository/IE_Home_Page/CaseID' successfully

2019-04-03 11:00:55 - [TEST_STEP][PASSED] - caseID = getText(findTestObject("IE_Home_Page/CaseID")): Text of object 'Object Repository/IE_Home_Page/CaseID' is: '1634'

2019-04-03 11:00:55 - [MESSAGE][PASSED] - Text of object 'Object Repository/IE_Home_Page/CaseID' is: '1634'

2019-04-03 11:00:55 - [TEST_STEP][PASSED] - getAllDetails_IE_HomePage.PrintStatement.getTextofElement(caseID): getAllDetails_IE_HomePage.PrintStatement.getTextofElement is PASSED

2019-04-03 11:00:55 - [MESSAGE][PASSED] - getAllDetails_IE_HomePage.PrintStatement.getTextofElement is PASSED

2019-04-03 11:00:55 - [TEST_STEP][PASSED] - waitForElementPresent(findTestObject("IE_Home_Page/Open"), Timeout): Object 'Object Repository/IE_Home_Page/Open' is present

2019-04-03 11:00:55 - [MESSAGE][PASSED] - Object 'Object Repository/IE_Home_Page/Open' is present

2019-04-03 11:00:55 - [TEST_STEP][PASSED] - click(findTestObject("IE_Home_Page/Open")): Object: 'Object Repository/IE_Home_Page/Open' is clicked on

2019-04-03 11:00:56 - [MESSAGE][PASSED] - Object: 'Object Repository/IE_Home_Page/Open' is clicked on

2019-04-03 11:00:56 - [TEST_STEP][PASSED] - switchToWindowIndex(1): Switched to window with index: '1'

2019-04-03 11:00:56 - [MESSAGE][PASSED] - Switched to window with index: '1'

2019-04-03 11:00:56 - [TEST_STEP][PASSED] - verifyElementPresent(findTestObject("IE_Home_Page/IE_HomePage_Text"), Timeout): Object 'Object Repository/IE_Home_Page/IE_HomePage_Text' is present

2019-04-03 11:00:58 - [MESSAGE][PASSED] - Object 'Object Repository/IE_Home_Page/IE_HomePage_Text' is present

2019-04-03 11:00:58 - [TEST_STEP][PASSED] - textOFWalmart = getText(findTestObject("IE_Home_Page/IE_HomePage_Text")): Text of object 'Object Repository/IE_Home_Page/IE_HomePage_Text' is: 'WALMART'

2019-04-03 11:00:58 - [MESSAGE][PASSED] - Text of object 'Object Repository/IE_Home_Page/IE_HomePage_Text' is: 'WALMART'

2019-04-03 11:00:58 - [TEST_STEP][PASSED] - getAllDetails_IE_HomePage.PrintStatement.getTextofElement(textOFWalmart): getAllDetails_IE_HomePage.PrintStatement.getTextofElement is PASSED

2019-04-03 11:00:58 - [MESSAGE][PASSED] - getAllDetails_IE_HomePage.PrintStatement.getTextofElement is PASSED

2019-04-03 11:00:58 - [MESSAGE][PASSED] - Call Test Case 'Test Cases/IEHomePageTestCase/TC005_NavigateTO_IE_HOME - Copy' successfully

2019-04-03 11:00:58 - [TEST_STEP][PASSED] - getAllDetails_IE_HomePage.IE_Homepage_Detail.getDetailofHistory(): getAllDetails_IE_HomePage.IE_Homepage_Detail.getDetailofHistory is PASSED

2019-04-03 11:00:59 - [MESSAGE][PASSED] - getAllDetails_IE_HomePage.IE_Homepage_Detail.getDetailofHistory is PASSED

2019-04-03 11:00:59 - [TEST_STEP][PASSED] - Start listener action : sampleAfterTestCase: null

2019-04-03 11:00:59 - [TEST_STEP][PASSED] - println(testCaseContext.getTestCaseId()): null

2019-04-03 11:00:59 - [TEST_STEP][PASSED] - println(testCaseContext.getTestCaseStatus()): null]]></system-out>
         <system-err><![CDATA[]]></system-err>
      </testcase>
      <testcase name="Test Cases/IEHomePageTestCase/TC003_ValidateSwitchBetweenTabOnIEHOME" classname="Test Cases/IEHomePageTestCase/TC003_ValidateSwitchBetweenTabOnIEHOME" status="PASSED">
         <system-out><![CDATA[2019-04-03 11:00:59 - [TEST_CASE][PASSED] - Test Cases/IEHomePageTestCase/TC003_ValidateSwitchBetweenTabOnIEHOME: Test Cases/IEHomePageTestCase/TC003_ValidateSwitchBetweenTabOnIEHOME

2019-04-03 11:00:59 - [TEST_STEP][PASSED] - Start listener action : sampleBeforeTestCase: null

2019-04-03 11:00:59 - [TEST_STEP][PASSED] - println(testCaseContext.getTestCaseId()): null

2019-04-03 11:00:59 - [TEST_STEP][PASSED] - println(testCaseContext.getTestCaseVariables()): null

2019-04-03 11:00:59 - [TEST_STEP][PASSED] - callTestCase(findTestCase("IEHomePageTestCase/TC005_NavigateTO_IE_HOME - Copy"), [:], STOP_ON_FAILURE): Call Test Case 'Test Cases/IEHomePageTestCase/TC005_NavigateTO_IE_HOME - Copy' successfully

2019-04-03 11:00:59 - [TEST_CASE][PASSED] - Test Cases/IEHomePageTestCase/TC005_NavigateTO_IE_HOME - Copy: Test Cases/IEHomePageTestCase/TC005_NavigateTO_IE_HOME - Copy

2019-04-03 11:01:00 - [TEST_STEP][PASSED] - callTestCase(findTestCase("CommonTestCase/TC001_OpenBrowserForStore"), [:], STOP_ON_FAILURE): Call Test Case 'Test Cases/CommonTestCase/TC001_OpenBrowserForStore' successfully

2019-04-03 11:01:00 - [TEST_CASE][PASSED] - Test Cases/CommonTestCase/TC001_OpenBrowserForStore: Test Cases/CommonTestCase/TC001_OpenBrowserForStore

2019-04-03 11:01:00 - [TEST_STEP][PASSED] - getAllDetails_IE_HomePage.CommonTestcaseToOpenBrowser.lunchApplication(): getAllDetails_IE_HomePage.CommonTestcaseToOpenBrowser.lunchApplication is PASSED

2019-04-03 11:01:00 - [MESSAGE][WARNING] - A browser is already opened. Closing browser and opening a new one

2019-04-03 11:01:02 - [MESSAGE][INFO] - Starting 'Chrome' driver

2019-04-03 11:01:06 - [MESSAGE][PASSED] - Browser is opened with url: ''

2019-04-03 11:01:09 - [MESSAGE][PASSED] - Navigate to 'http://hazr0240ada942.cloud.wal-mart.com' successfully

2019-04-03 11:01:10 - [MESSAGE][PASSED] - Current window maximized

2019-04-03 11:01:10 - [MESSAGE][PASSED] - Wait for page load successfully

2019-04-03 11:01:10 - [MESSAGE][PASSED] - Object 'Object Repository/IE_Home_Page/Logo' is visible

2019-04-03 11:01:10 - [MESSAGE][PASSED] - getAllDetails_IE_HomePage.CommonTestcaseToOpenBrowser.lunchApplication is PASSED

2019-04-03 11:01:10 - [MESSAGE][PASSED] - Call Test Case 'Test Cases/CommonTestCase/TC001_OpenBrowserForStore' successfully

2019-04-03 11:01:10 - [TEST_STEP][PASSED] - waitForElementPresent(findTestObject("IE_Home_Page/HOT_Operation"), Timeout): Object 'Object Repository/IE_Home_Page/HOT_Operation' is present

2019-04-03 11:01:10 - [MESSAGE][PASSED] - Object 'Object Repository/IE_Home_Page/HOT_Operation' is present

2019-04-03 11:01:10 - [TEST_STEP][PASSED] - click(findTestObject("IE_Home_Page/HOT_Operation")): Object: 'Object Repository/IE_Home_Page/HOT_Operation' is clicked on

2019-04-03 11:01:12 - [MESSAGE][PASSED] - Object: 'Object Repository/IE_Home_Page/HOT_Operation' is clicked on

2019-04-03 11:01:12 - [TEST_STEP][PASSED] - waitForElementPresent(findTestObject("IE_Home_Page/TaskList"), Timeout): Object 'Object Repository/IE_Home_Page/TaskList' is present

2019-04-03 11:01:12 - [MESSAGE][PASSED] - Object 'Object Repository/IE_Home_Page/TaskList' is present

2019-04-03 11:01:12 - [TEST_STEP][PASSED] - click(findTestObject("IE_Home_Page/TaskList")): Object: 'Object Repository/IE_Home_Page/TaskList' is clicked on

2019-04-03 11:01:13 - [MESSAGE][PASSED] - Object: 'Object Repository/IE_Home_Page/TaskList' is clicked on

2019-04-03 11:01:13 - [TEST_STEP][PASSED] - scrollToElement(findTestObject("IE_Home_Page/CaseID"), 5): Scroll to object 'Object Repository/IE_Home_Page/CaseID' successfully

2019-04-03 11:01:15 - [MESSAGE][PASSED] - Scroll to object 'Object Repository/IE_Home_Page/CaseID' successfully

2019-04-03 11:01:15 - [TEST_STEP][PASSED] - caseID = getText(findTestObject("IE_Home_Page/CaseID")): Text of object 'Object Repository/IE_Home_Page/CaseID' is: '1634'

2019-04-03 11:01:15 - [MESSAGE][PASSED] - Text of object 'Object Repository/IE_Home_Page/CaseID' is: '1634'

2019-04-03 11:01:15 - [TEST_STEP][PASSED] - getAllDetails_IE_HomePage.PrintStatement.getTextofElement(caseID): getAllDetails_IE_HomePage.PrintStatement.getTextofElement is PASSED

2019-04-03 11:01:15 - [MESSAGE][PASSED] - getAllDetails_IE_HomePage.PrintStatement.getTextofElement is PASSED

2019-04-03 11:01:15 - [TEST_STEP][PASSED] - waitForElementPresent(findTestObject("IE_Home_Page/Open"), Timeout): Object 'Object Repository/IE_Home_Page/Open' is present

2019-04-03 11:01:15 - [MESSAGE][PASSED] - Object 'Object Repository/IE_Home_Page/Open' is present

2019-04-03 11:01:15 - [TEST_STEP][PASSED] - click(findTestObject("IE_Home_Page/Open")): Object: 'Object Repository/IE_Home_Page/Open' is clicked on

2019-04-03 11:01:16 - [MESSAGE][PASSED] - Object: 'Object Repository/IE_Home_Page/Open' is clicked on

2019-04-03 11:01:16 - [TEST_STEP][PASSED] - switchToWindowIndex(1): Switched to window with index: '1'

2019-04-03 11:01:16 - [MESSAGE][PASSED] - Switched to window with index: '1'

2019-04-03 11:01:16 - [TEST_STEP][PASSED] - verifyElementPresent(findTestObject("IE_Home_Page/IE_HomePage_Text"), Timeout): Object 'Object Repository/IE_Home_Page/IE_HomePage_Text' is present

2019-04-03 11:01:17 - [MESSAGE][PASSED] - Object 'Object Repository/IE_Home_Page/IE_HomePage_Text' is present

2019-04-03 11:01:17 - [TEST_STEP][PASSED] - textOFWalmart = getText(findTestObject("IE_Home_Page/IE_HomePage_Text")): Text of object 'Object Repository/IE_Home_Page/IE_HomePage_Text' is: 'WALMART'

2019-04-03 11:01:17 - [MESSAGE][PASSED] - Text of object 'Object Repository/IE_Home_Page/IE_HomePage_Text' is: 'WALMART'

2019-04-03 11:01:17 - [TEST_STEP][PASSED] - getAllDetails_IE_HomePage.PrintStatement.getTextofElement(textOFWalmart): getAllDetails_IE_HomePage.PrintStatement.getTextofElement is PASSED

2019-04-03 11:01:17 - [MESSAGE][PASSED] - getAllDetails_IE_HomePage.PrintStatement.getTextofElement is PASSED

2019-04-03 11:01:17 - [MESSAGE][PASSED] - Call Test Case 'Test Cases/IEHomePageTestCase/TC005_NavigateTO_IE_HOME - Copy' successfully

2019-04-03 11:01:17 - [TEST_STEP][PASSED] - getAllDetails_IE_HomePage.IE_Homepage_Detail.verifySwitchTabonIEHOME("Match & Reconcile"): getAllDetails_IE_HomePage.IE_Homepage_Detail.verifySwitchTabonIEHOME is PASSED

2019-04-03 11:01:19 - [MESSAGE][PASSED] - getAllDetails_IE_HomePage.IE_Homepage_Detail.verifySwitchTabonIEHOME is PASSED

2019-04-03 11:01:19 - [TEST_STEP][PASSED] - Start listener action : sampleAfterTestCase: null

2019-04-03 11:01:19 - [TEST_STEP][PASSED] - println(testCaseContext.getTestCaseId()): null

2019-04-03 11:01:19 - [TEST_STEP][PASSED] - println(testCaseContext.getTestCaseStatus()): null]]></system-out>
         <system-err><![CDATA[]]></system-err>
      </testcase>
      <testcase name="Test Cases/MatchAndReconcilePageTestCase/TC010_VerifyDetailsofMatchAndReconcile" classname="Test Cases/MatchAndReconcilePageTestCase/TC010_VerifyDetailsofMatchAndReconcile" status="PASSED">
         <system-out><![CDATA[2019-04-03 11:01:19 - [TEST_CASE][PASSED] - Test Cases/MatchAndReconcilePageTestCase/TC010_VerifyDetailsofMatchAndReconcile: Test Cases/MatchAndReconcilePageTestCase/TC010_VerifyDetailsofMatchAndReconcile

2019-04-03 11:01:19 - [TEST_STEP][PASSED] - Start listener action : sampleBeforeTestCase: null

2019-04-03 11:01:19 - [TEST_STEP][PASSED] - println(testCaseContext.getTestCaseId()): null

2019-04-03 11:01:19 - [TEST_STEP][PASSED] - println(testCaseContext.getTestCaseVariables()): null

2019-04-03 11:01:19 - [TEST_STEP][PASSED] - callTestCase(findTestCase("IEHomePageTestCase/TC003_ValidateSwitchBetweenTabOnIEHOME"), [:], STOP_ON_FAILURE): Call Test Case 'Test Cases/IEHomePageTestCase/TC003_ValidateSwitchBetweenTabOnIEHOME' successfully

2019-04-03 11:01:19 - [TEST_CASE][PASSED] - Test Cases/IEHomePageTestCase/TC003_ValidateSwitchBetweenTabOnIEHOME: Test Cases/IEHomePageTestCase/TC003_ValidateSwitchBetweenTabOnIEHOME

2019-04-03 11:01:19 - [TEST_STEP][PASSED] - callTestCase(findTestCase("IEHomePageTestCase/TC005_NavigateTO_IE_HOME - Copy"), [:], STOP_ON_FAILURE): Call Test Case 'Test Cases/IEHomePageTestCase/TC005_NavigateTO_IE_HOME - Copy' successfully

2019-04-03 11:01:20 - [TEST_CASE][PASSED] - Test Cases/IEHomePageTestCase/TC005_NavigateTO_IE_HOME - Copy: Test Cases/IEHomePageTestCase/TC005_NavigateTO_IE_HOME - Copy

2019-04-03 11:01:20 - [TEST_STEP][PASSED] - callTestCase(findTestCase("CommonTestCase/TC001_OpenBrowserForStore"), [:], STOP_ON_FAILURE): Call Test Case 'Test Cases/CommonTestCase/TC001_OpenBrowserForStore' successfully

2019-04-03 11:01:20 - [TEST_CASE][PASSED] - Test Cases/CommonTestCase/TC001_OpenBrowserForStore: Test Cases/CommonTestCase/TC001_OpenBrowserForStore

2019-04-03 11:01:20 - [TEST_STEP][PASSED] - getAllDetails_IE_HomePage.CommonTestcaseToOpenBrowser.lunchApplication(): getAllDetails_IE_HomePage.CommonTestcaseToOpenBrowser.lunchApplication is PASSED

2019-04-03 11:01:20 - [MESSAGE][WARNING] - A browser is already opened. Closing browser and opening a new one

2019-04-03 11:01:22 - [MESSAGE][INFO] - Starting 'Chrome' driver

2019-04-03 11:01:26 - [MESSAGE][PASSED] - Browser is opened with url: ''

2019-04-03 11:01:29 - [MESSAGE][PASSED] - Navigate to 'http://hazr0240ada942.cloud.wal-mart.com' successfully

2019-04-03 11:01:29 - [MESSAGE][PASSED] - Current window maximized

2019-04-03 11:01:29 - [MESSAGE][PASSED] - Wait for page load successfully

2019-04-03 11:01:29 - [MESSAGE][PASSED] - Object 'Object Repository/IE_Home_Page/Logo' is visible

2019-04-03 11:01:29 - [MESSAGE][PASSED] - getAllDetails_IE_HomePage.CommonTestcaseToOpenBrowser.lunchApplication is PASSED

2019-04-03 11:01:29 - [MESSAGE][PASSED] - Call Test Case 'Test Cases/CommonTestCase/TC001_OpenBrowserForStore' successfully

2019-04-03 11:01:29 - [TEST_STEP][PASSED] - waitForElementPresent(findTestObject("IE_Home_Page/HOT_Operation"), Timeout): Object 'Object Repository/IE_Home_Page/HOT_Operation' is present

2019-04-03 11:01:29 - [MESSAGE][PASSED] - Object 'Object Repository/IE_Home_Page/HOT_Operation' is present

2019-04-03 11:01:29 - [TEST_STEP][PASSED] - click(findTestObject("IE_Home_Page/HOT_Operation")): Object: 'Object Repository/IE_Home_Page/HOT_Operation' is clicked on

2019-04-03 11:01:31 - [MESSAGE][PASSED] - Object: 'Object Repository/IE_Home_Page/HOT_Operation' is clicked on

2019-04-03 11:01:31 - [TEST_STEP][PASSED] - waitForElementPresent(findTestObject("IE_Home_Page/TaskList"), Timeout): Object 'Object Repository/IE_Home_Page/TaskList' is present

2019-04-03 11:01:31 - [MESSAGE][PASSED] - Object 'Object Repository/IE_Home_Page/TaskList' is present

2019-04-03 11:01:31 - [TEST_STEP][PASSED] - click(findTestObject("IE_Home_Page/TaskList")): Object: 'Object Repository/IE_Home_Page/TaskList' is clicked on

2019-04-03 11:01:32 - [MESSAGE][PASSED] - Object: 'Object Repository/IE_Home_Page/TaskList' is clicked on

2019-04-03 11:01:32 - [TEST_STEP][PASSED] - scrollToElement(findTestObject("IE_Home_Page/CaseID"), 5): Scroll to object 'Object Repository/IE_Home_Page/CaseID' successfully

2019-04-03 11:01:34 - [MESSAGE][PASSED] - Scroll to object 'Object Repository/IE_Home_Page/CaseID' successfully

2019-04-03 11:01:34 - [TEST_STEP][PASSED] - caseID = getText(findTestObject("IE_Home_Page/CaseID")): Text of object 'Object Repository/IE_Home_Page/CaseID' is: '1634'

2019-04-03 11:01:34 - [MESSAGE][PASSED] - Text of object 'Object Repository/IE_Home_Page/CaseID' is: '1634'

2019-04-03 11:01:34 - [TEST_STEP][PASSED] - getAllDetails_IE_HomePage.PrintStatement.getTextofElement(caseID): getAllDetails_IE_HomePage.PrintStatement.getTextofElement is PASSED

2019-04-03 11:01:34 - [MESSAGE][PASSED] - getAllDetails_IE_HomePage.PrintStatement.getTextofElement is PASSED

2019-04-03 11:01:34 - [TEST_STEP][PASSED] - waitForElementPresent(findTestObject("IE_Home_Page/Open"), Timeout): Object 'Object Repository/IE_Home_Page/Open' is present

2019-04-03 11:01:34 - [MESSAGE][PASSED] - Object 'Object Repository/IE_Home_Page/Open' is present

2019-04-03 11:01:34 - [TEST_STEP][PASSED] - click(findTestObject("IE_Home_Page/Open")): Object: 'Object Repository/IE_Home_Page/Open' is clicked on

2019-04-03 11:01:35 - [MESSAGE][PASSED] - Object: 'Object Repository/IE_Home_Page/Open' is clicked on

2019-04-03 11:01:35 - [TEST_STEP][PASSED] - switchToWindowIndex(1): Switched to window with index: '1'

2019-04-03 11:01:35 - [MESSAGE][PASSED] - Switched to window with index: '1'

2019-04-03 11:01:35 - [TEST_STEP][PASSED] - verifyElementPresent(findTestObject("IE_Home_Page/IE_HomePage_Text"), Timeout): Object 'Object Repository/IE_Home_Page/IE_HomePage_Text' is present

2019-04-03 11:01:36 - [MESSAGE][PASSED] - Object 'Object Repository/IE_Home_Page/IE_HomePage_Text' is present

2019-04-03 11:01:36 - [TEST_STEP][PASSED] - textOFWalmart = getText(findTestObject("IE_Home_Page/IE_HomePage_Text")): Text of object 'Object Repository/IE_Home_Page/IE_HomePage_Text' is: 'WALMART'

2019-04-03 11:01:37 - [MESSAGE][PASSED] - Text of object 'Object Repository/IE_Home_Page/IE_HomePage_Text' is: 'WALMART'

2019-04-03 11:01:37 - [TEST_STEP][PASSED] - getAllDetails_IE_HomePage.PrintStatement.getTextofElement(textOFWalmart): getAllDetails_IE_HomePage.PrintStatement.getTextofElement is PASSED

2019-04-03 11:01:37 - [MESSAGE][PASSED] - getAllDetails_IE_HomePage.PrintStatement.getTextofElement is PASSED

2019-04-03 11:01:37 - [MESSAGE][PASSED] - Call Test Case 'Test Cases/IEHomePageTestCase/TC005_NavigateTO_IE_HOME - Copy' successfully

2019-04-03 11:01:37 - [TEST_STEP][PASSED] - getAllDetails_IE_HomePage.IE_Homepage_Detail.verifySwitchTabonIEHOME("Match & Reconcile"): getAllDetails_IE_HomePage.IE_Homepage_Detail.verifySwitchTabonIEHOME is PASSED

2019-04-03 11:01:38 - [MESSAGE][PASSED] - getAllDetails_IE_HomePage.IE_Homepage_Detail.verifySwitchTabonIEHOME is PASSED

2019-04-03 11:01:38 - [MESSAGE][PASSED] - Call Test Case 'Test Cases/IEHomePageTestCase/TC003_ValidateSwitchBetweenTabOnIEHOME' successfully

2019-04-03 11:01:38 - [TEST_STEP][PASSED] - waitForElementPresent(findTestObject("IE_Home_MatchAndReconcile_Page/HeaderOfMatchAndReconcile"), Timeout): Object 'Object Repository/IE_Home_MatchAndReconcile_Page/HeaderOfMatchAndReconcile' is present

2019-04-03 11:01:38 - [MESSAGE][PASSED] - Object 'Object Repository/IE_Home_MatchAndReconcile_Page/HeaderOfMatchAndReconcile' is present

2019-04-03 11:01:38 - [TEST_STEP][PASSED] - elements = getText(findTestObject("IE_Home_MatchAndReconcile_Page/HeaderOfMatchAndReconcile")): Text of object 'Object Repository/IE_Home_MatchAndReconcile_Page/HeaderOfMatchAndReconcile' is: 'Home
Match & Reconcile
Shopping Cart
Communications
Account Details
Receiver'

2019-04-03 11:01:38 - [MESSAGE][PASSED] - Text of object 'Object Repository/IE_Home_MatchAndReconcile_Page/HeaderOfMatchAndReconcile' is: 'Home
Match & Reconcile
Shopping Cart
Communications
Account Details
Receiver'

2019-04-03 11:01:38 - [TEST_STEP][PASSED] - getAllDetails_IE_HomePage.PrintStatement.getTextofElement(elements): getAllDetails_IE_HomePage.PrintStatement.getTextofElement is PASSED

2019-04-03 11:01:38 - [MESSAGE][PASSED] - getAllDetails_IE_HomePage.PrintStatement.getTextofElement is PASSED

2019-04-03 11:01:38 - [TEST_STEP][PASSED] - delay(2): Delayed 2 second(s)

2019-04-03 11:01:40 - [MESSAGE][PASSED] - Delayed 2 second(s)

2019-04-03 11:01:40 - [TEST_STEP][PASSED] - getAllDetails_IE_HomePage.Match_Reconcile_Detail.getDetailsofReconHeader(): getAllDetails_IE_HomePage.Match_Reconcile_Detail.getDetailsofReconHeader is PASSED

2019-04-03 11:01:41 - [MESSAGE][PASSED] - getAllDetails_IE_HomePage.Match_Reconcile_Detail.getDetailsofReconHeader is PASSED

2019-04-03 11:01:41 - [TEST_STEP][PASSED] - delay(2): Delayed 2 second(s)

2019-04-03 11:01:43 - [MESSAGE][PASSED] - Delayed 2 second(s)

2019-04-03 11:01:43 - [TEST_STEP][PASSED] - getAllDetails_IE_HomePage.Match_Reconcile_Detail.getDetailsofReceiverHeader(): getAllDetails_IE_HomePage.Match_Reconcile_Detail.getDetailsofReceiverHeader is PASSED

2019-04-03 11:01:44 - [MESSAGE][PASSED] - getAllDetails_IE_HomePage.Match_Reconcile_Detail.getDetailsofReceiverHeader is PASSED

2019-04-03 11:01:44 - [TEST_STEP][PASSED] - Start listener action : sampleAfterTestCase: null

2019-04-03 11:01:44 - [TEST_STEP][PASSED] - println(testCaseContext.getTestCaseId()): null

2019-04-03 11:01:44 - [TEST_STEP][PASSED] - println(testCaseContext.getTestCaseStatus()): null]]></system-out>
         <system-err><![CDATA[]]></system-err>
      </testcase>
      <system-out><![CDATA[2019-04-03 11:00:13 - [TEST_SUITE][PASSED] - IE_HOMEPAGE_TestSuite: Test Cases/MatchAndReconcilePageTestCase/TC010_VerifyDetailsofMatchAndReconcile]]></system-out>
      <system-err><![CDATA[]]></system-err>
   </testsuite>
</testsuites>
